0 info it worked if it ends with ok
1 verbose cli [ '/usr/local/bin/node',
1 verbose cli   '/usr/local/bin/npm',
1 verbose cli   'install',
1 verbose cli   '-g',
1 verbose cli   'coffeescript' ]
2 info using npm@3.10.10
3 info using node@v6.11.0
4 silly loadCurrentTree Starting
5 silly install loadCurrentTree
6 silly install readGlobalPackageData
7 silly fetchPackageMetaData coffeescript
8 silly fetchNamedPackageData coffeescript
9 silly mapToRegistry name coffeescript
10 silly mapToRegistry using default registry
11 silly mapToRegistry registry https://registry.npmjs.org/
12 silly mapToRegistry data Result {
12 silly mapToRegistry   raw: 'coffeescript',
12 silly mapToRegistry   scope: null,
12 silly mapToRegistry   escapedName: 'coffeescript',
12 silly mapToRegistry   name: 'coffeescript',
12 silly mapToRegistry   rawSpec: '',
12 silly mapToRegistry   spec: 'latest',
12 silly mapToRegistry   type: 'tag' }
13 silly mapToRegistry uri https://registry.npmjs.org/coffeescript
14 verbose request uri https://registry.npmjs.org/coffeescript
15 verbose request no auth needed
16 info attempt registry request try #1 at 3:21:51 PM
17 verbose request id 245d42d16977da22
18 http request GET https://registry.npmjs.org/coffeescript
19 http 200 https://registry.npmjs.org/coffeescript
20 verbose headers { server: 'nginx/1.10.1',
20 verbose headers   'content-type': 'application/json',
20 verbose headers   'last-modified': 'Tue, 04 Jul 2017 13:37:24 GMT',
20 verbose headers   etag: 'W/"595b9a14-11b3d"',
20 verbose headers   'content-encoding': 'gzip',
20 verbose headers   'cache-control': 'max-age=300',
20 verbose headers   'content-length': '7851',
20 verbose headers   'accept-ranges': 'bytes',
20 verbose headers   date: 'Wed, 12 Jul 2017 09:51:52 GMT',
20 verbose headers   via: '1.1 varnish',
20 verbose headers   age: '0',
20 verbose headers   connection: 'keep-alive',
20 verbose headers   'x-served-by': 'cache-cdg8727-CDG',
20 verbose headers   'x-cache': 'MISS',
20 verbose headers   'x-cache-hits': '0',
20 verbose headers   'x-timer': 'S1499853112.401588,VS0,VE22',
20 verbose headers   vary: 'Accept-Encoding, Accept' }
21 silly get cb [ 200,
21 silly get   { server: 'nginx/1.10.1',
21 silly get     'content-type': 'application/json',
21 silly get     'last-modified': 'Tue, 04 Jul 2017 13:37:24 GMT',
21 silly get     etag: 'W/"595b9a14-11b3d"',
21 silly get     'content-encoding': 'gzip',
21 silly get     'cache-control': 'max-age=300',
21 silly get     'content-length': '7851',
21 silly get     'accept-ranges': 'bytes',
21 silly get     date: 'Wed, 12 Jul 2017 09:51:52 GMT',
21 silly get     via: '1.1 varnish',
21 silly get     age: '0',
21 silly get     connection: 'keep-alive',
21 silly get     'x-served-by': 'cache-cdg8727-CDG',
21 silly get     'x-cache': 'MISS',
21 silly get     'x-cache-hits': '0',
21 silly get     'x-timer': 'S1499853112.401588,VS0,VE22',
21 silly get     vary: 'Accept-Encoding, Accept' } ]
22 verbose get saving coffeescript to /Users/ivantha/.npm/registry.npmjs.org/coffeescript/.cache.json
23 verbose correctMkdir /Users/ivantha/.npm correctMkdir not in flight; initializing
24 silly install normalizeTree
25 silly loadCurrentTree Finishing
26 silly loadIdealTree Starting
27 silly install loadIdealTree
28 silly cloneCurrentTree Starting
29 silly install cloneCurrentTreeToIdealTree
30 silly cloneCurrentTree Finishing
31 silly loadShrinkwrap Starting
32 silly install loadShrinkwrap
33 silly loadShrinkwrap Finishing
34 silly loadAllDepsIntoIdealTree Starting
35 silly install loadAllDepsIntoIdealTree
36 silly resolveWithNewModule coffeescript@1.12.6 checking installable status
37 silly cache add args [ 'coffeescript', null ]
38 verbose cache add spec coffeescript
39 silly cache add parsed spec Result {
39 silly cache add   raw: 'coffeescript',
39 silly cache add   scope: null,
39 silly cache add   escapedName: 'coffeescript',
39 silly cache add   name: 'coffeescript',
39 silly cache add   rawSpec: '',
39 silly cache add   spec: 'latest',
39 silly cache add   type: 'tag' }
40 silly addNamed coffeescript@latest
41 verbose addNamed "latest" is being treated as a dist-tag for coffeescript
42 info addNameTag [ 'coffeescript', 'latest' ]
43 silly mapToRegistry name coffeescript
44 silly mapToRegistry using default registry
45 silly mapToRegistry registry https://registry.npmjs.org/
46 silly mapToRegistry data Result {
46 silly mapToRegistry   raw: 'coffeescript',
46 silly mapToRegistry   scope: null,
46 silly mapToRegistry   escapedName: 'coffeescript',
46 silly mapToRegistry   name: 'coffeescript',
46 silly mapToRegistry   rawSpec: '',
46 silly mapToRegistry   spec: 'latest',
46 silly mapToRegistry   type: 'tag' }
47 silly mapToRegistry uri https://registry.npmjs.org/coffeescript
48 verbose addNameTag registry:https://registry.npmjs.org/coffeescript not in flight; fetching
49 verbose get https://registry.npmjs.org/coffeescript not expired, no request
50 silly addNameTag next cb for coffeescript with tag latest
51 silly addNamed coffeescript@1.12.6
52 verbose addNamed "1.12.6" is a plain semver version for coffeescript
53 silly mapToRegistry name coffeescript
54 silly mapToRegistry using default registry
55 silly mapToRegistry registry https://registry.npmjs.org/
56 silly mapToRegistry data Result {
56 silly mapToRegistry   raw: 'coffeescript',
56 silly mapToRegistry   scope: null,
56 silly mapToRegistry   escapedName: 'coffeescript',
56 silly mapToRegistry   name: 'coffeescript',
56 silly mapToRegistry   rawSpec: '',
56 silly mapToRegistry   spec: 'latest',
56 silly mapToRegistry   type: 'tag' }
57 silly mapToRegistry uri https://registry.npmjs.org/coffeescript
58 verbose addRemoteTarball https://registry.npmjs.org/coffeescript/-/coffeescript-1.12.6.tgz not in flight; adding
59 verbose addRemoteTarball [ 'https://registry.npmjs.org/coffeescript/-/coffeescript-1.12.6.tgz',
59 verbose addRemoteTarball   'dcbf2be5b64ce66505cb43c4ed7f1b44cb90f33c' ]
60 info retry fetch attempt 1 at 3:21:52 PM
61 info attempt registry request try #1 at 3:21:52 PM
62 http fetch GET https://registry.npmjs.org/coffeescript/-/coffeescript-1.12.6.tgz
63 http fetch 200 https://registry.npmjs.org/coffeescript/-/coffeescript-1.12.6.tgz
64 silly fetchAndShaCheck shasum dcbf2be5b64ce66505cb43c4ed7f1b44cb90f33c
65 verbose addTmpTarball /var/folders/yq/tx432rps46x0kknzvyrc_zjr0000gn/T/npm-5724-3fcabdac/registry.npmjs.org/coffeescript/-/coffeescript-1.12.6.tgz not in flight; adding
66 verbose addTmpTarball already have metadata; skipping unpack for coffeescript@1.12.6
67 verbose correctMkdir /Users/ivantha/.npm correctMkdir not in flight; initializing
68 silly cache afterAdd coffeescript@1.12.6
69 verbose afterAdd /Users/ivantha/.npm/coffeescript/1.12.6/package/package.json not in flight; writing
70 verbose correctMkdir /Users/ivantha/.npm correctMkdir not in flight; initializing
71 verbose afterAdd /Users/ivantha/.npm/coffeescript/1.12.6/package/package.json written
72 silly loadAllDepsIntoIdealTree Finishing
73 silly loadIdealTree Finishing
74 silly currentTree lib
75 silly idealTree lib
75 silly idealTree └── coffeescript@1.12.6
76 silly generateActionsToTake Starting
77 silly install generateActionsToTake
78 silly generateActionsToTake Finishing
79 silly diffTrees action count 1
80 silly diffTrees add coffeescript@1.12.6
81 silly decomposeActions action count 8
82 silly decomposeActions fetch coffeescript@1.12.6
83 silly decomposeActions extract coffeescript@1.12.6
84 silly decomposeActions test coffeescript@1.12.6
85 silly decomposeActions preinstall coffeescript@1.12.6
86 silly decomposeActions build coffeescript@1.12.6
87 silly decomposeActions install coffeescript@1.12.6
88 silly decomposeActions postinstall coffeescript@1.12.6
89 silly decomposeActions finalize coffeescript@1.12.6
90 silly runTopLevelLifecycles Starting
91 silly executeActions Starting
92 silly install executeActions
93 silly doSerial global-install 0
94 silly doParallel fetch 1
95 verbose correctMkdir /Users/ivantha/.npm/_locks correctMkdir not in flight; initializing
96 verbose lock using /Users/ivantha/.npm/_locks/staging-3a08f0df5026584d.lock for /usr/local/lib/node_modules/.staging
97 silly doParallel extract 1
98 silly extract coffeescript@1.12.6
99 verbose unbuild lib/node_modules/.staging/coffeescript-a441fbdf
100 silly gentlyRm /usr/local/lib/node_modules/.staging/coffeescript-a441fbdf is being purged from base /usr/local
101 verbose gentlyRm don't care about contents; nuking /usr/local/lib/node_modules/.staging/coffeescript-a441fbdf
102 verbose tar unpack /Users/ivantha/.npm/coffeescript/1.12.6/package.tgz
103 verbose tar unpacking to /usr/local/lib/node_modules/.staging/coffeescript-a441fbdf
104 silly gentlyRm /usr/local/lib/node_modules/.staging/coffeescript-a441fbdf is being purged
105 verbose gentlyRm don't care about contents; nuking /usr/local/lib/node_modules/.staging/coffeescript-a441fbdf
106 silly gunzTarPerm modes [ '755', '644' ]
107 silly gunzTarPerm extractEntry package.json
108 silly gunzTarPerm extractEntry README.md
109 silly gunzTarPerm extractEntry LICENSE
110 silly gunzTarPerm extractEntry register.js
111 silly gunzTarPerm extractEntry repl.js
112 silly gunzTarPerm extractEntry bin/cake
113 silly gunzTarPerm extractEntry bin/coffee
114 silly gunzTarPerm extractEntry lib/coffee-script/browser.js
115 silly gunzTarPerm extractEntry lib/coffee-script/grammar.js
116 silly gunzTarPerm extractEntry lib/coffee-script/helpers.js
117 silly gunzTarPerm extractEntry lib/coffee-script/index.js
118 silly gunzTarPerm extractEntry lib/coffee-script/lexer.js
119 silly gunzTarPerm extractEntry lib/coffee-script/command.js
120 silly gunzTarPerm extractEntry lib/coffee-script/optparse.js
121 silly gunzTarPerm extractEntry lib/coffee-script/parser.js
122 silly gunzTarPerm extractEntry lib/coffee-script/register.js
123 silly gunzTarPerm extractEntry lib/coffee-script/repl.js
124 silly gunzTarPerm extractEntry lib/coffee-script/rewriter.js
125 silly gunzTarPerm extractEntry lib/coffee-script/coffee-script.js
126 silly gunzTarPerm extractEntry lib/coffee-script/scope.js
127 silly gunzTarPerm extractEntry lib/coffee-script/cake.js
128 silly gunzTarPerm extractEntry lib/coffee-script/sourcemap.js
129 silly gunzTarPerm extractEntry lib/coffee-script/nodes.js
130 silly gentlyRm /usr/local/lib/node_modules/.staging/coffeescript-a441fbdf/node_modules is being purged
131 verbose gentlyRm don't care about contents; nuking /usr/local/lib/node_modules/.staging/coffeescript-a441fbdf/node_modules
132 silly doParallel preinstall 1
133 silly preinstall coffeescript@1.12.6 /usr/local/lib/node_modules/.staging/coffeescript-a441fbdf
134 info lifecycle coffeescript@1.12.6~preinstall: coffeescript@1.12.6
135 silly lifecycle coffeescript@1.12.6~preinstall: no script for preinstall, continuing
136 silly doReverseSerial remove 0
137 silly doSerial move 0
138 silly doSerial finalize 1
139 silly finalize /usr/local/lib/node_modules/coffeescript
140 silly doSerial build 1
141 silly build coffeescript@1.12.6
142 info linkStuff coffeescript@1.12.6
143 silly linkStuff coffeescript@1.12.6 has /usr/local/lib/node_modules as its parent node_modules
144 silly linkStuff coffeescript@1.12.6 is part of a global install
145 silly linkStuff coffeescript@1.12.6 is installed into a global node_modules
146 silly linkStuff coffeescript@1.12.6 is installed into the top-level global node_modules
147 verbose linkBins coffeescript@1.12.6
148 verbose link bins [ { coffee: './bin/coffee', cake: './bin/cake' },
148 verbose link bins   '/usr/local/bin',
148 verbose link bins   true ]
149 verbose linkMans coffeescript@1.12.6
150 silly gentlyRm /usr/local/bin/coffee is being gently removed
151 silly gentlyRm /usr/local/bin/cake is being gently removed
152 verbose unlock done using /Users/ivantha/.npm/_locks/staging-3a08f0df5026584d.lock for /usr/local/lib/node_modules/.staging
153 silly rollbackFailedOptional Starting
154 silly rollbackFailedOptional Finishing
155 silly runTopLevelLifecycles Finishing
156 silly install printInstalled
157 verbose stack Error: EACCES: permission denied, symlink '../lib/node_modules/coffeescript/bin/coffee' -> '/usr/local/bin/coffee'
157 verbose stack     at Error (native)
158 verbose cwd /Users/ivantha/Git/RoadTrafficSimulator
159 error Darwin 16.6.0
160 error argv "/usr/local/bin/node" "/usr/local/bin/npm" "install" "-g" "coffeescript"
161 error node v6.11.0
162 error npm  v3.10.10
163 error path ../lib/node_modules/coffeescript/bin/coffee
164 error code EACCES
165 error errno -13
166 error syscall symlink
167 error Error: EACCES: permission denied, symlink '../lib/node_modules/coffeescript/bin/coffee' -> '/usr/local/bin/coffee'
167 error     at Error (native)
167 error  { Error: EACCES: permission denied, symlink '../lib/node_modules/coffeescript/bin/coffee' -> '/usr/local/bin/coffee'
167 error     at Error (native)
167 error   errno: -13,
167 error   code: 'EACCES',
167 error   syscall: 'symlink',
167 error   path: '../lib/node_modules/coffeescript/bin/coffee',
167 error   dest: '/usr/local/bin/coffee' }
168 error Please try running this command again as root/Administrator.
169 verbose exit [ -13, true ]
